D:\KINGBUGPRO\LEIDIAN\PROJ.WIN32\DEBUG.WIN32\LIBCOCOS2D.LIB
D:\KingbugPro\LeiDian\cocos2d\cocos\2d\Debug.win32\aabb.obj
D:\KingbugPro\LeiDian\cocos2d\cocos\2d\Debug.win32\atitc.obj
D:\KingbugPro\LeiDian\cocos2d\cocos\2d\Debug.win32\base64.obj
D:\KingbugPro\LeiDian\cocos2d\cocos\2d\Debug.win32\CCAction.obj
D:\KingbugPro\LeiDian\cocos2d\cocos\2d\Debug.win32\CCActionCamera.obj
D:\KingbugPro\LeiDian\cocos2d\cocos\2d\Debug.win32\CCActionCatmullRom.obj
D:\KingbugPro\LeiDian\cocos2d\cocos\2d\Debug.win32\CCActionEase.obj
D:\KingbugPro\LeiDian\cocos2d\cocos\2d\Debug.win32\CCActionGrid.obj
D:\KingbugPro\LeiDian\cocos2d\cocos\2d\Debug.win32\CCActionGrid3D.obj
D:\KingbugPro\LeiDian\cocos2d\cocos\2d\Debug.win32\CCActionInstant.obj
D:\KingbugPro\LeiDian\cocos2d\cocos\2d\Debug.win32\CCActionInterval.obj
D:\KingbugPro\LeiDian\cocos2d\cocos\2d\Debug.win32\CCActionManager.obj
D:\KingbugPro\LeiDian\cocos2d\cocos\2d\Debug.win32\CCActionPageTurn3D.obj
D:\KingbugPro\LeiDian\cocos2d\cocos\2d\Debug.win32\CCActionProgressTimer.obj
D:\KingbugPro\LeiDian\cocos2d\cocos\2d\Debug.win32\CCActionTiledGrid.obj
D:\KingbugPro\LeiDian\cocos2d\cocos\2d\Debug.win32\CCActionTween.obj
D:\KingbugPro\LeiDian\cocos2d\cocos\2d\Debug.win32\CCAffineTransform.obj
D:\KingbugPro\LeiDian\cocos2d\cocos\2d\Debug.win32\CCAnimation.obj
D:\KingbugPro\LeiDian\cocos2d\cocos\2d\Debug.win32\CCAnimationCache.obj
D:\KingbugPro\LeiDian\cocos2d\cocos\2d\Debug.win32\CCApplication.obj
D:\KingbugPro\LeiDian\cocos2d\cocos\2d\Debug.win32\CCArray.obj
D:\KingbugPro\LeiDian\cocos2d\cocos\2d\Debug.win32\CCAtlasNode.obj
D:\KingbugPro\LeiDian\cocos2d\cocos\2d\Debug.win32\CCAutoreleasePool.obj
D:\KingbugPro\LeiDian\cocos2d\cocos\2d\Debug.win32\CCBatchCommand.obj
D:\KingbugPro\LeiDian\cocos2d\cocos\2d\Debug.win32\ccCArray.obj
D:\KingbugPro\LeiDian\cocos2d\cocos\2d\Debug.win32\CCClippingNode.obj
D:\KingbugPro\LeiDian\cocos2d\cocos\2d\Debug.win32\CCCommon.obj
D:\KingbugPro\LeiDian\cocos2d\cocos\2d\Debug.win32\CCComponent.obj
D:\KingbugPro\LeiDian\cocos2d\cocos\2d\Debug.win32\CCComponentContainer.obj
D:\KingbugPro\LeiDian\cocos2d\cocos\2d\Debug.win32\CCConfiguration.obj
D:\KingbugPro\LeiDian\cocos2d\cocos\2d\Debug.win32\CCConsole.obj
D:\KingbugPro\LeiDian\cocos2d\cocos\2d\Debug.win32\CCCustomCommand.obj
D:\KingbugPro\LeiDian\cocos2d\cocos\2d\Debug.win32\CCData.obj
D:\KingbugPro\LeiDian\cocos2d\cocos\2d\Debug.win32\CCDataVisitor.obj
D:\KingbugPro\LeiDian\cocos2d\cocos\2d\Debug.win32\CCDeprecated.obj
D:\KingbugPro\LeiDian\cocos2d\cocos\2d\Debug.win32\CCDevice.obj
D:\KingbugPro\LeiDian\cocos2d\cocos\2d\Debug.win32\CCDictionary.obj
D:\KingbugPro\LeiDian\cocos2d\cocos\2d\Debug.win32\CCDirector.obj
D:\KingbugPro\LeiDian\cocos2d\cocos\2d\Debug.win32\CCDrawingPrimitives.obj
D:\KingbugPro\LeiDian\cocos2d\cocos\2d\Debug.win32\CCDrawNode.obj
D:\KingbugPro\LeiDian\cocos2d\cocos\2d\Debug.win32\CCEvent.obj
D:\KingbugPro\LeiDian\cocos2d\cocos\2d\Debug.win32\CCEventAcceleration.obj
D:\KingbugPro\LeiDian\cocos2d\cocos\2d\Debug.win32\CCEventCustom.obj
D:\KingbugPro\LeiDian\cocos2d\cocos\2d\Debug.win32\CCEventDispatcher.obj
D:\KingbugPro\LeiDian\cocos2d\cocos\2d\Debug.win32\CCEventKeyboard.obj
D:\KingbugPro\LeiDian\cocos2d\cocos\2d\Debug.win32\CCEventListener.obj
D:\KingbugPro\LeiDian\cocos2d\cocos\2d\Debug.win32\CCEventListenerAcceleration.obj
D:\KingbugPro\LeiDian\cocos2d\cocos\2d\Debug.win32\CCEventListenerCustom.obj
D:\KingbugPro\LeiDian\cocos2d\cocos\2d\Debug.win32\CCEventListenerKeyboard.obj
D:\KingbugPro\LeiDian\cocos2d\cocos\2d\Debug.win32\CCEventListenerMouse.obj
D:\KingbugPro\LeiDian\cocos2d\cocos\2d\Debug.win32\CCEventListenerTouch.obj
D:\KingbugPro\LeiDian\cocos2d\cocos\2d\Debug.win32\CCEventMouse.obj
D:\KingbugPro\LeiDian\cocos2d\cocos\2d\Debug.win32\CCEventTouch.obj
D:\KingbugPro\LeiDian\cocos2d\cocos\2d\Debug.win32\CCFileUtils.obj
D:\KingbugPro\LeiDian\cocos2d\cocos\2d\Debug.win32\CCFileUtilsWin32.obj
D:\KingbugPro\LeiDian\cocos2d\cocos\2d\Debug.win32\CCFont.obj
D:\KingbugPro\LeiDian\cocos2d\cocos\2d\Debug.win32\CCFontAtlas.obj
D:\KingbugPro\LeiDian\cocos2d\cocos\2d\Debug.win32\CCFontAtlasCache.obj
D:\KingbugPro\LeiDian\cocos2d\cocos\2d\Debug.win32\CCFontCharMap.obj
D:\KingbugPro\LeiDian\cocos2d\cocos\2d\Debug.win32\CCFontFNT.obj
D:\KingbugPro\LeiDian\cocos2d\cocos\2d\Debug.win32\CCFontFreeType.obj
D:\KingbugPro\LeiDian\cocos2d\cocos\2d\Debug.win32\ccFPSImages.obj
D:\KingbugPro\LeiDian\cocos2d\cocos\2d\Debug.win32\CCFrustum.obj
D:\KingbugPro\LeiDian\cocos2d\cocos\2d\Debug.win32\CCGeometry.obj
D:\KingbugPro\LeiDian\cocos2d\cocos\2d\Debug.win32\CCGLProgram.obj
D:\KingbugPro\LeiDian\cocos2d\cocos\2d\Debug.win32\ccGLStateCache.obj
D:\KingbugPro\LeiDian\cocos2d\cocos\2d\Debug.win32\CCGLView.obj
D:\KingbugPro\LeiDian\cocos2d\cocos\2d\Debug.win32\CCGLViewProtocol.obj
D:\KingbugPro\LeiDian\cocos2d\cocos\2d\Debug.win32\CCGrabber.obj
D:\KingbugPro\LeiDian\cocos2d\cocos\2d\Debug.win32\CCGrid.obj
D:\KingbugPro\LeiDian\cocos2d\cocos\2d\Debug.win32\CCGroupCommand.obj
D:\KingbugPro\LeiDian\cocos2d\cocos\2d\Debug.win32\CCImage.obj
D:\KingbugPro\LeiDian\cocos2d\cocos\2d\Debug.win32\CCIMEDispatcher.obj
D:\KingbugPro\LeiDian\cocos2d\cocos\2d\Debug.win32\CCLabel.obj
D:\KingbugPro\LeiDian\cocos2d\cocos\2d\Debug.win32\CCLabelAtlas.obj
D:\KingbugPro\LeiDian\cocos2d\cocos\2d\Debug.win32\CCLabelBMFont.obj
D:\KingbugPro\LeiDian\cocos2d\cocos\2d\Debug.win32\CCLabelTextFormatter.obj
D:\KingbugPro\LeiDian\cocos2d\cocos\2d\Debug.win32\CCLabelTTF.obj
D:\KingbugPro\LeiDian\cocos2d\cocos\2d\Debug.win32\CCLayer.obj
D:\KingbugPro\LeiDian\cocos2d\cocos\2d\Debug.win32\CCMaterialManager.obj
D:\KingbugPro\LeiDian\cocos2d\cocos\2d\Debug.win32\CCMenu.obj
D:\KingbugPro\LeiDian\cocos2d\cocos\2d\Debug.win32\CCMenuItem.obj
D:\KingbugPro\LeiDian\cocos2d\cocos\2d\Debug.win32\CCMotionStreak.obj
D:\KingbugPro\LeiDian\cocos2d\cocos\2d\Debug.win32\CCNode.obj
D:\KingbugPro\LeiDian\cocos2d\cocos\2d\Debug.win32\CCNodeGrid.obj
D:\KingbugPro\LeiDian\cocos2d\cocos\2d\Debug.win32\CCNotificationCenter.obj
D:\KingbugPro\LeiDian\cocos2d\cocos\2d\Debug.win32\CCNS.obj
D:\KingbugPro\LeiDian\cocos2d\cocos\2d\Debug.win32\CCParallaxNode.obj
D:\KingbugPro\LeiDian\cocos2d\cocos\2d\Debug.win32\CCParticleBatchNode.obj
D:\KingbugPro\LeiDian\cocos2d\cocos\2d\Debug.win32\CCParticleExamples.obj
D:\KingbugPro\LeiDian\cocos2d\cocos\2d\Debug.win32\CCParticleSystem.obj
D:\KingbugPro\LeiDian\cocos2d\cocos\2d\Debug.win32\CCParticleSystemQuad.obj
D:\KingbugPro\LeiDian\cocos2d\cocos\2d\Debug.win32\CCPhysicsBody.obj
D:\KingbugPro\LeiDian\cocos2d\cocos\2d\Debug.win32\CCPhysicsBodyInfo_chipmunk.obj
D:\KingbugPro\LeiDian\cocos2d\cocos\2d\Debug.win32\CCPhysicsContact.obj
D:\KingbugPro\LeiDian\cocos2d\cocos\2d\Debug.win32\CCPhysicsContactInfo_chipmunk.obj
D:\KingbugPro\LeiDian\cocos2d\cocos\2d\Debug.win32\CCPhysicsJoint.obj
D:\KingbugPro\LeiDian\cocos2d\cocos\2d\Debug.win32\CCPhysicsJointInfo_chipmunk.obj
D:\KingbugPro\LeiDian\cocos2d\cocos\2d\Debug.win32\CCPhysicsShape.obj
D:\KingbugPro\LeiDian\cocos2d\cocos\2d\Debug.win32\CCPhysicsShapeInfo_chipmunk.obj
D:\KingbugPro\LeiDian\cocos2d\cocos\2d\Debug.win32\CCPhysicsWorld.obj
D:\KingbugPro\LeiDian\cocos2d\cocos\2d\Debug.win32\CCPhysicsWorldInfo_chipmunk.obj
D:\KingbugPro\LeiDian\cocos2d\cocos\2d\Debug.win32\CCProfiling.obj
D:\KingbugPro\LeiDian\cocos2d\cocos\2d\Debug.win32\CCProgressTimer.obj
D:\KingbugPro\LeiDian\cocos2d\cocos\2d\Debug.win32\CCQuadCommand.obj
D:\KingbugPro\LeiDian\cocos2d\cocos\2d\Debug.win32\CCRef.obj
D:\KingbugPro\LeiDian\cocos2d\cocos\2d\Debug.win32\CCRenderCommand.obj
D:\KingbugPro\LeiDian\cocos2d\cocos\2d\Debug.win32\CCRenderer.obj
D:\KingbugPro\LeiDian\cocos2d\cocos\2d\Debug.win32\CCRenderMaterial.obj
D:\KingbugPro\LeiDian\cocos2d\cocos\2d\Debug.win32\CCRenderTexture.obj
D:\KingbugPro\LeiDian\cocos2d\cocos\2d\Debug.win32\CCSAXParser.obj
D:\KingbugPro\LeiDian\cocos2d\cocos\2d\Debug.win32\CCScene.obj
D:\KingbugPro\LeiDian\cocos2d\cocos\2d\Debug.win32\CCScheduler.obj
D:\KingbugPro\LeiDian\cocos2d\cocos\2d\Debug.win32\CCScriptSupport.obj
D:\KingbugPro\LeiDian\cocos2d\cocos\2d\Debug.win32\CCSet.obj
D:\KingbugPro\LeiDian\cocos2d\cocos\2d\Debug.win32\CCShaderCache.obj
D:\KingbugPro\LeiDian\cocos2d\cocos\2d\Debug.win32\ccShaders.obj
D:\KingbugPro\LeiDian\cocos2d\cocos\2d\Debug.win32\CCSprite.obj
D:\KingbugPro\LeiDian\cocos2d\cocos\2d\Debug.win32\CCSpriteBatchNode.obj
D:\KingbugPro\LeiDian\cocos2d\cocos\2d\Debug.win32\CCSpriteFrame.obj
D:\KingbugPro\LeiDian\cocos2d\cocos\2d\Debug.win32\CCSpriteFrameCache.obj
D:\KingbugPro\LeiDian\cocos2d\cocos\2d\Debug.win32\CCStdC.obj
D:\KingbugPro\LeiDian\cocos2d\cocos\2d\Debug.win32\CCString.obj
D:\KingbugPro\LeiDian\cocos2d\cocos\2d\Debug.win32\CCTextFieldTTF.obj
D:\KingbugPro\LeiDian\cocos2d\cocos\2d\Debug.win32\CCTexture2D.obj
D:\KingbugPro\LeiDian\cocos2d\cocos\2d\Debug.win32\CCTextureAtlas.obj
D:\KingbugPro\LeiDian\cocos2d\cocos\2d\Debug.win32\CCTextureCache.obj
D:\KingbugPro\LeiDian\cocos2d\cocos\2d\Debug.win32\CCThread.obj
D:\KingbugPro\LeiDian\cocos2d\cocos\2d\Debug.win32\CCTileMapAtlas.obj
D:\KingbugPro\LeiDian\cocos2d\cocos\2d\Debug.win32\CCTMXLayer.obj
D:\KingbugPro\LeiDian\cocos2d\cocos\2d\Debug.win32\CCTMXObjectGroup.obj
D:\KingbugPro\LeiDian\cocos2d\cocos\2d\Debug.win32\CCTMXTiledMap.obj
D:\KingbugPro\LeiDian\cocos2d\cocos\2d\Debug.win32\CCTMXXMLParser.obj
D:\KingbugPro\LeiDian\cocos2d\cocos\2d\Debug.win32\CCTouch.obj
D:\KingbugPro\LeiDian\cocos2d\cocos\2d\Debug.win32\CCTransition.obj
D:\KingbugPro\LeiDian\cocos2d\cocos\2d\Debug.win32\CCTransitionPageTurn.obj
D:\KingbugPro\LeiDian\cocos2d\cocos\2d\Debug.win32\CCTransitionProgress.obj
D:\KingbugPro\LeiDian\cocos2d\cocos\2d\Debug.win32\CCTweenFunction.obj
D:\KingbugPro\LeiDian\cocos2d\cocos\2d\Debug.win32\ccTypes.obj
D:\KingbugPro\LeiDian\cocos2d\cocos\2d\Debug.win32\CCUserDefault.obj
D:\KingbugPro\LeiDian\cocos2d\cocos\2d\Debug.win32\ccUTF8.obj
D:\KingbugPro\LeiDian\cocos2d\cocos\2d\Debug.win32\ccUtils.obj
D:\KingbugPro\LeiDian\cocos2d\cocos\2d\Debug.win32\CCValue.obj
D:\KingbugPro\LeiDian\cocos2d\cocos\2d\Debug.win32\CCVertex.obj
D:\KingbugPro\LeiDian\cocos2d\cocos\2d\Debug.win32\cocos2d.obj
D:\KingbugPro\LeiDian\cocos2d\cocos\2d\Debug.win32\edtaa3func.obj
D:\KingbugPro\LeiDian\cocos2d\cocos\2d\Debug.win32\etc1.obj
D:\KingbugPro\LeiDian\cocos2d\cocos\2d\Debug.win32\ioapi.obj
D:\KingbugPro\LeiDian\cocos2d\cocos\2d\Debug.win32\mat3.obj
D:\KingbugPro\LeiDian\cocos2d\cocos\2d\Debug.win32\mat4.obj
D:\KingbugPro\LeiDian\cocos2d\cocos\2d\Debug.win32\mat4stack.obj
D:\KingbugPro\LeiDian\cocos2d\cocos\2d\Debug.win32\matrix.obj
D:\KingbugPro\LeiDian\cocos2d\cocos\2d\Debug.win32\neon_matrix_impl.obj
D:\KingbugPro\LeiDian\cocos2d\cocos\2d\Debug.win32\plane.obj
D:\KingbugPro\LeiDian\cocos2d\cocos\2d\Debug.win32\quaternion.obj
D:\KingbugPro\LeiDian\cocos2d\cocos\2d\Debug.win32\ray2.obj
D:\KingbugPro\LeiDian\cocos2d\cocos\2d\Debug.win32\ray3.obj
D:\KingbugPro\LeiDian\cocos2d\cocos\2d\Debug.win32\s3tc.obj
D:\KingbugPro\LeiDian\cocos2d\cocos\2d\Debug.win32\TGAlib.obj
D:\KingbugPro\LeiDian\cocos2d\cocos\2d\Debug.win32\tinyxml2.obj
D:\KingbugPro\LeiDian\cocos2d\cocos\2d\Debug.win32\TransformUtils.obj
D:\KingbugPro\LeiDian\cocos2d\cocos\2d\Debug.win32\unzip.obj
D:\KingbugPro\LeiDian\cocos2d\cocos\2d\Debug.win32\utility.obj
D:\KingbugPro\LeiDian\cocos2d\cocos\2d\Debug.win32\vec2.obj
D:\KingbugPro\LeiDian\cocos2d\cocos\2d\Debug.win32\vec3.obj
D:\KingbugPro\LeiDian\cocos2d\cocos\2d\Debug.win32\vec4.obj
D:\KingbugPro\LeiDian\cocos2d\cocos\2d\Debug.win32\xxhash.obj
D:\KingbugPro\LeiDian\cocos2d\cocos\2d\Debug.win32\ZipUtils.obj
D:\KingbugPro\LeiDian\cocos2d\cocos\2d\Debug.win32\CL.1732.read.1.tlog
D:\KingbugPro\LeiDian\cocos2d\cocos\2d\Debug.win32\CL.1732.write.1.tlog
D:\KingbugPro\LeiDian\cocos2d\cocos\2d\Debug.win32\CL.4948.read.1.tlog
D:\KingbugPro\LeiDian\cocos2d\cocos\2d\Debug.win32\CL.4948.write.1.tlog
D:\KingbugPro\LeiDian\cocos2d\cocos\2d\Debug.win32\CL.6160.read.1.tlog
D:\KingbugPro\LeiDian\cocos2d\cocos\2d\Debug.win32\CL.6160.write.1.tlog
D:\KingbugPro\LeiDian\cocos2d\cocos\2d\Debug.win32\CL.8528.read.1.tlog
D:\KingbugPro\LeiDian\cocos2d\cocos\2d\Debug.win32\CL.8528.write.1.tlog
D:\KingbugPro\LeiDian\cocos2d\cocos\2d\Debug.win32\cl.command.1.tlog
D:\KingbugPro\LeiDian\cocos2d\cocos\2d\Debug.win32\CL.read.1.tlog
D:\KingbugPro\LeiDian\cocos2d\cocos\2d\Debug.win32\cl.write.1.tlog
D:\KingbugPro\LeiDian\cocos2d\cocos\2d\Debug.win32\Lib-link.read.1.tlog
D:\KingbugPro\LeiDian\cocos2d\cocos\2d\Debug.win32\Lib-link.write.1.tlog
D:\KingbugPro\LeiDian\cocos2d\cocos\2d\Debug.win32\lib.command.1.tlog
D:\KingbugPro\LeiDian\proj.win32\Debug.win32\libcocos2d.lib
